<?xml version="1.0" encoding="UTF-8"?>
<testsuite xmlns:xsi="http://www.w3.org/2001/XMLSchema-instance" xsi:noNamespaceSchemaLocation="https://maven.apache.org/surefire/maven-surefire-plugin/xsd/surefire-test-report-3.0.xsd" version="3.0" name="project.AppTest" time="0.576" tests="1" errors="0" skipped="0" failures="0">
  <properties>
    <property name="java.specification.version" value="21"/>
    <property name="sun.cpu.isalist" value="amd64"/>
    <property name="sun.jnu.encoding" value="Cp1258"/>
    <property name="java.class.path" value="C:\Users\My PC\Desktop\CSE305_PROJECT\target\test-classes;C:\Users\My PC\Desktop\CSE305_PROJECT\target\classes;C:\Users\My PC\.m2\repository\commons-codec\commons-codec\1.11\commons-codec-1.11.jar;C:\Users\My PC\.m2\repository\junit\junit\4.12\junit-4.12.jar;C:\Users\My PC\.m2\repository\org\hamcrest\hamcrest-core\1.3\hamcrest-core-1.3.jar;C:\Users\My PC\.m2\repository\javazoom\jlayer\1.0.1\jlayer-1.0.1.jar;C:\Users\My PC\.m2\repository\org\openjfx\javafx-graphics\22-ea+16\javafx-graphics-22-ea+16.jar;C:\Users\My PC\.m2\repository\org\openjfx\javafx-graphics\22-ea+16\javafx-graphics-22-ea+16-win.jar;C:\Users\My PC\.m2\repository\org\openjfx\javafx-base\22-ea+16\javafx-base-22-ea+16.jar;C:\Users\My PC\.m2\repository\org\openjfx\javafx-base\22-ea+16\javafx-base-22-ea+16-win.jar;C:\Users\My PC\.m2\repository\org\openjfx\javafx-swing\22-ea+16\javafx-swing-22-ea+16.jar;C:\Users\My PC\.m2\repository\org\openjfx\javafx-swing\22-ea+16\javafx-swing-22-ea+16-win.jar;C:\Users\My PC\.m2\repository\org\webjars\font-awesome\6.4.2\font-awesome-6.4.2.jar;C:\Users\My PC\.m2\repository\org\webjars\bower\font-awesome\4.7.0\font-awesome-4.7.0.jar;C:\Users\My PC\.m2\repository\org\openjfx\javafx-fxml\22-ea+16\javafx-fxml-22-ea+16.jar;C:\Users\My PC\.m2\repository\org\openjfx\javafx-fxml\22-ea+16\javafx-fxml-22-ea+16-win.jar;C:\Users\My PC\.m2\repository\org\openjfx\javafx-controls\22-ea+16\javafx-controls-22-ea+16.jar;C:\Users\My PC\.m2\repository\org\openjfx\javafx-controls\22-ea+16\javafx-controls-22-ea+16-win.jar;C:\Users\My PC\.m2\repository\org\netbeans\external\AbsoluteLayout\RELEASE126\AbsoluteLayout-RELEASE126.jar;"/>
    <property name="java.vm.vendor" value="Oracle Corporation"/>
    <property name="sun.arch.data.model" value="64"/>
    <property name="user.variant" value=""/>
    <property name="java.vendor.url" value="https://java.oracle.com/"/>
    <property name="user.timezone" value="Asia/Bangkok"/>
    <property name="user.country.format" value="VN"/>
    <property name="os.name" value="Windows 8.1"/>
    <property name="java.vm.specification.version" value="21"/>
    <property name="sun.java.launcher" value="SUN_STANDARD"/>
    <property name="user.country" value="US"/>
    <property name="sun.boot.library.path" value="C:\Program Files\Java\jdk-21\bin"/>
    <property name="sun.java.command" value="C:\Users\My PC\AppData\Local\Temp\surefire5520288716163876324\surefirebooter-20231202121213813_3.jar C:\Users\My PC\AppData\Local\Temp\surefire5520288716163876324 2023-12-02T12-12-11_836-jvmRun1 surefire-20231202121213813_1tmp surefire_0-20231202121213813_2tmp"/>
    <property name="jdk.debug" value="release"/>
    <property name="surefire.test.class.path" value="C:\Users\My PC\Desktop\CSE305_PROJECT\target\test-classes;C:\Users\My PC\Desktop\CSE305_PROJECT\target\classes;C:\Users\My PC\.m2\repository\commons-codec\commons-codec\1.11\commons-codec-1.11.jar;C:\Users\My PC\.m2\repository\junit\junit\4.12\junit-4.12.jar;C:\Users\My PC\.m2\repository\org\hamcrest\hamcrest-core\1.3\hamcrest-core-1.3.jar;C:\Users\My PC\.m2\repository\javazoom\jlayer\1.0.1\jlayer-1.0.1.jar;C:\Users\My PC\.m2\repository\org\openjfx\javafx-graphics\22-ea+16\javafx-graphics-22-ea+16.jar;C:\Users\My PC\.m2\repository\org\openjfx\javafx-graphics\22-ea+16\javafx-graphics-22-ea+16-win.jar;C:\Users\My PC\.m2\repository\org\openjfx\javafx-base\22-ea+16\javafx-base-22-ea+16.jar;C:\Users\My PC\.m2\repository\org\openjfx\javafx-base\22-ea+16\javafx-base-22-ea+16-win.jar;C:\Users\My PC\.m2\repository\org\openjfx\javafx-swing\22-ea+16\javafx-swing-22-ea+16.jar;C:\Users\My PC\.m2\repository\org\openjfx\javafx-swing\22-ea+16\javafx-swing-22-ea+16-win.jar;C:\Users\My PC\.m2\repository\org\webjars\font-awesome\6.4.2\font-awesome-6.4.2.jar;C:\Users\My PC\.m2\repository\org\webjars\bower\font-awesome\4.7.0\font-awesome-4.7.0.jar;C:\Users\My PC\.m2\repository\org\openjfx\javafx-fxml\22-ea+16\javafx-fxml-22-ea+16.jar;C:\Users\My PC\.m2\repository\org\openjfx\javafx-fxml\22-ea+16\javafx-fxml-22-ea+16-win.jar;C:\Users\My PC\.m2\repository\org\openjfx\javafx-controls\22-ea+16\javafx-controls-22-ea+16.jar;C:\Users\My PC\.m2\repository\org\openjfx\javafx-controls\22-ea+16\javafx-controls-22-ea+16-win.jar;C:\Users\My PC\.m2\repository\org\netbeans\external\AbsoluteLayout\RELEASE126\AbsoluteLayout-RELEASE126.jar;"/>
    <property name="sun.cpu.endian" value="little"/>
    <property name="user.home" value="C:\Users\My PC"/>
    <property name="user.language" value="en"/>
    <property name="java.specification.vendor" value="Oracle Corporation"/>
    <property name="java.version.date" value="2023-09-19"/>
    <property name="java.home" value="C:\Program Files\Java\jdk-21"/>
    <property name="file.separator" value="\"/>
    <property name="basedir" value="C:\Users\My PC\Desktop\CSE305_PROJECT"/>
    <property name="java.vm.compressedOopsMode" value="32-bit"/>
    <property name="line.separator" value="&#10;"/>
    <property name="java.vm.specification.vendor" value="Oracle Corporation"/>
    <property name="java.specification.name" value="Java Platform API Specification"/>
    <property name="surefire.real.class.path" value="C:\Users\My PC\AppData\Local\Temp\surefire5520288716163876324\surefirebooter-20231202121213813_3.jar"/>
    <property name="user.script" value=""/>
    <property name="sun.management.compiler" value="HotSpot 64-Bit Tiered Compilers"/>
    <property name="java.runtime.version" value="21+35-LTS-2513"/>
    <property name="user.name" value="My PC"/>
    <property name="stdout.encoding" value="Cp1258"/>
    <property name="path.separator" value=";"/>
    <property name="os.version" value="6.3"/>
    <property name="java.runtime.name" value="Java(TM) SE Runtime Environment"/>
    <property name="file.encoding" value="UTF-8"/>
    <property name="java.vm.name" value="Java HotSpot(TM) 64-Bit Server VM"/>
    <property name="localRepository" value="C:\Users\My PC\.m2\repository"/>
    <property name="java.vendor.url.bug" value="https://bugreport.java.com/bugreport/"/>
    <property name="java.io.tmpdir" value="C:\Users\MYPC~1\AppData\Local\Temp\"/>
    <property name="java.version" value="21"/>
    <property name="user.dir" value="C:\Users\My PC\Desktop\CSE305_PROJECT"/>
    <property name="os.arch" value="amd64"/>
    <property name="java.vm.specification.name" value="Java Virtual Machine Specification"/>
    <property name="user.language.format" value="vi"/>
    <property name="sun.os.patch.level" value=""/>
    <property name="native.encoding" value="Cp1258"/>
    <property name="java.library.path" value="C:\Program Files\Java\jdk-21\bin;C:\Windows\Sun\Java\bin;C:\Windows\system32;C:\Windows;E:\Maven\apache-maven-3.9.5\bin;C:\Program Files\Java\jdk-21\\bin;C:\Program Files\nodejs\;C:\Users\My PC\AppData\Local\Programs\Python\Python311\Scripts\;C:\Users\My PC\AppData\Local\Programs\Python\Python311\;C:\Program Files\Intel\WiFi\bin\;C:\Program Files\Common Files\Intel\WirelessCommon\;E:\Microsoft VS Code\bin;C:\Users\My PC\AppData\Local\Programs\Microsoft VS Code\bin;C:\Users\My PC\AppData\Local\GitHubDesktop\bin;C:\Users\My PC\AppData\Roaming\npm;."/>
    <property name="java.vm.info" value="mixed mode, sharing"/>
    <property name="stderr.encoding" value="Cp1258"/>
    <property name="java.vendor" value="Oracle Corporation"/>
    <property name="java.vm.version" value="21+35-LTS-2513"/>
    <property name="sun.io.unicode.encoding" value="UnicodeLittle"/>
    <property name="java.class.version" value="65.0"/>
  </properties>
  <testcase name="testApp" classname="project.AppTest" time="0.024"/>
</testsuite>